[debug] [2026-05-27T14:10:43.573Z] ----------------------------------------------------------------------
[debug] [2026-05-27T14:10:43.579Z] Command:       C:\Program Files\nodejs\node.exe C:\Users\chand\AppData\Roaming\npm\node_modules\firebase-tools\lib\bin\firebase.js deploy
[debug] [2026-05-27T14:10:43.579Z] CLI Version:   15.18.0
[debug] [2026-05-27T14:10:43.580Z] Platform:      win32
[debug] [2026-05-27T14:10:43.580Z] Node Version:  v24.13.1
[debug] [2026-05-27T14:10:43.580Z] Time:          Wed May 27 2026 19:40:43 GMT+0530 (India Standard Time)
[debug] [2026-05-27T14:10:43.580Z] ----------------------------------------------------------------------
[debug] 
[debug] [2026-05-27T14:10:48.249Z] > command requires scopes: ["email","openid","https://www.googleapis.com/auth/cloudplatformprojects.readonly","https://www.googleapis.com/auth/firebase","https://www.googleapis.com/auth/cloud-platform"]
[debug] [2026-05-27T14:10:48.250Z] > authorizing via signed-in user (chandru.k1282006@gmail.com)
[debug] [2026-05-27T14:10:48.250Z] [iam] checking project edusync-auth-qa-2026 for permissions ["firebase.projects.get","firebasehosting.sites.update"]
[debug] [2026-05-27T14:10:48.252Z] Checked if tokens are valid: false, expires at: 1779881408018
[debug] [2026-05-27T14:10:48.252Z] Checked if tokens are valid: false, expires at: 1779881408018
[debug] [2026-05-27T14:10:48.253Z] > refreshing access token with scopes: []
[debug] [2026-05-27T14:10:48.257Z] >>> [apiv2][query] POST https://www.googleapis.com/oauth2/v3/token [none]
[debug] [2026-05-27T14:10:48.257Z] >>> [apiv2][body] POST https://www.googleapis.com/oauth2/v3/token [omitted]
[debug] [2026-05-27T14:10:48.641Z] <<< [apiv2][status] POST https://www.googleapis.com/oauth2/v3/token 200
[debug] [2026-05-27T14:10:48.641Z] <<< [apiv2][body] POST https://www.googleapis.com/oauth2/v3/token [omitted]
[debug] [2026-05-27T14:10:48.652Z] >>> [apiv2][query] POST https://cloudresourcemanager.googleapis.com/v1/projects/edusync-auth-qa-2026:testIamPermissions [none]
[debug] [2026-05-27T14:10:48.652Z] >>> [apiv2][(partial)header] POST https://cloudresourcemanager.googleapis.com/v1/projects/edusync-auth-qa-2026:testIamPermissions  x-goog-user-project=edusync-auth-qa-2026
[debug] [2026-05-27T14:10:48.652Z] >>> [apiv2][body] POST https://cloudresourcemanager.googleapis.com/v1/projects/edusync-auth-qa-2026:testIamPermissions {"permissions":["firebase.projects.get","firebasehosting.sites.update"]}
